app/build/outputs/mapping/release/mapping.txt
# compiler: R8
# compiler_version: 1.4.94
# min_api: 21
me.muhammadali.qpersonalaccounting.DataBinderMapperImpl -> me.muhammadali.qpersonalaccounting.a:
    android.util.SparseIntArray INTERNAL_LAYOUT_ID_LOOKUP -> a
    java.util.List collectDependencies() -> a
    androidx.databinding.ViewDataBinding getDataBinder(androidx.databinding.DataBindingComponent,android.view.View,int) -> a
    androidx.databinding.ViewDataBinding getDataBinder(androidx.databinding.DataBindingComponent,android.view.View[],int) -> a
me.muhammadali.qpersonalaccounting.MainActivity -> me.muhammadali.qpersonalaccounting.MainActivity:
    void hideKeyboard() -> l
me.muhammadali.qpersonalaccounting.R$id -> me.muhammadali.qpersonalaccounting.b:
me.muhammadali.qpersonalaccounting.ServiceLocator -> me.muhammadali.qpersonalaccounting.c:
    me.muhammadali.qpersonalaccounting.ServiceLocator$Companion Companion -> a
    void closeDatabase() -> a
    me.muhammadali.qpersonalaccounting.model.repo.CashEntryRepo getCashEntryRepo() -> b
    void initDatabase() -> c
    me.muhammadali.qpersonalaccounting.model.repo.CategoryRepo getCategoryRepo() -> d
    me.muhammadali.qpersonalaccounting.model.repo.SummaryDataRepo getSummaryDataRepo() -> e
me.muhammadali.qpersonalaccounting.ServiceLocator$Companion -> me.muhammadali.qpersonalaccounting.c$a:
    me.muhammadali.qpersonalaccounting.ServiceLocator instance -> b
    java.lang.Object LOCK -> a
    me.muhammadali.qpersonalaccounting.ServiceLocator$Companion $$INSTANCE -> c
    me.muhammadali.qpersonalaccounting.ServiceLocator instance(android.content.Context) -> a
me.muhammadali.qpersonalaccounting.ServiceLocator$DefaultServiceLocator -> me.muhammadali.qpersonalaccounting.c$b:
    android.app.Application app -> d
    me.muhammadali.qpersonalaccounting.model.dao.CashEntryDao cashEntryDao -> c
    me.muhammadali.qpersonalaccounting.model.AppDatabase database -> a
    me.muhammadali.qpersonalaccounting.model.dao.CategoryDao categoryDao -> b
    void closeDatabase() -> a
    me.muhammadali.qpersonalaccounting.model.repo.CashEntryRepo getCashEntryRepo() -> b
    void initDatabase() -> c
    me.muhammadali.qpersonalaccounting.model.repo.CategoryRepo getCategoryRepo() -> d
    me.muhammadali.qpersonalaccounting.model.repo.SummaryDataRepo getSummaryDataRepo() -> e
me.muhammadali.qpersonalaccounting.databinding.EditCashEntryBinding -> me.muhammadali.qpersonalaccounting.a.a:
    com.google.android.material.textfield.TextInputEditText edAmount -> C
    androidx.appcompat.widget.AppCompatSpinner spinnerCategory -> J
    me.muhammadali.qpersonalaccounting.ui.cashentry.EditCashEntryViewModel mVm -> P
    android.widget.RadioGroup radioGroup -> G
    androidx.coordinatorlayout.widget.CoordinatorLayout coordinatorLayout -> B
    me.muhammadali.qpersonalaccounting.ui.custom.ReadOnlyTextInputEditText edCashEntryDate -> E
    android.widget.RadioButton rbExpense -> H
    me.muhammadali.qpersonalaccounting.ui.custom.ReadOnlyTextInputEditText edCashEntryCategory -> D
    android.widget.RadioButton rbIncome -> I
    com.google.android.material.button.MaterialButton btnDelete -> A
    com.google.android.material.textfield.TextInputLayout textInputLayoutTitle -> O
    com.google.android.material.textfield.TextInputLayout textInputLayoutAmount -> M
    com.google.android.material.textfield.TextInputLayout textInputLayoutCategory -> N
    com.google.android.material.textfield.TextInputLayout textInputLayout5 -> K
    com.google.android.material.textfield.TextInputLayout textInputLayout6 -> L
    com.google.android.material.textfield.TextInputEditText edRemark -> F
    me.muhammadali.qpersonalaccounting.databinding.EditCashEntryBinding inflate(android.view.LayoutInflater,android.view.ViewGroup,boolean) -> a
...
io.reactivex.internal.queue.SpscArrayQueue -> c.a.e.f.b:
    java.util.concurrent.atomic.AtomicLong producerIndex -> c
    int lookAheadStep -> f
    long producerLookAhead -> d
    int mask -> b
    java.util.concurrent.atomic.AtomicLong consumerIndex -> e
    java.lang.Integer MAX_LOOK_AHEAD_STEP -> a
    int calcElementOffset(long) -> a
    int calcElementOffset(long,int) -> a
    java.lang.Object lvElement(int) -> a
    void soElement(int,java.lang.Object) -> a
    void soConsumerIndex(long) -> b
    void soProducerIndex(long) -> c
io.reactivex.internal.queue.SpscLinkedArrayQueue -> c.a.e.f.c:
    java.util.concurrent.atomic.AtomicLong producerIndex -> c
    java.util.concurrent.atomic.AtomicReferenceArray producerBuffer -> g
    long producerLookAhead -> e
    int consumerMask -> h
    java.util.concurrent.atomic.AtomicReferenceArray consumerBuffer -> i
    java.lang.Object HAS_NEXT -> b
    int producerMask -> f
    int producerLookAheadStep -> d
    java.util.concurrent.atomic.AtomicLong consumerIndex -> j
    int MAX_LOOK_AHEAD_STEP -> a
    void adjustLookAheadStep(int) -> a
    int calcWrappedOffset(long,int) -> a
    long lpConsumerIndex() -> a
    java.lang.Object lvElement(java.util.concurrent.atomic.AtomicReferenceArray,int) -> a
    java.lang.Object newBufferPoll(java.util.concurrent.atomic.AtomicReferenceArray,long,int) -> a
    void resize(java.util.concurrent.atomic.AtomicReferenceArray,long,int,java.lang.Object,long) -> a
    void soConsumerIndex(long) -> a
    void soElement(java.util.concurrent.atomic.AtomicReferenceArray,int,java.lang.Object) -> a
    void soNext(java.util.concurrent.atomic.AtomicReferenceArray,java.util.concurrent.atomic.AtomicReferenceArray) -> a
    boolean writeToQueue(java.util.concurrent.atomic.AtomicReferenceArray,java.lang.Object,long,int) -> a
    int calcDirectOffset(int) -> b
    long lpProducerIndex() -> b
    java.util.concurrent.atomic.AtomicReferenceArray lvNextBufferAndUnlink(java.util.concurrent.atomic.AtomicReferenceArray,int) -> b
io.reactivex.internal.schedulers.AbstractDirectTask -> c.a.e.g.a:
    java.lang.Runnable runnable -> c
    java.lang.Thread runner -> d
    java.util.concurrent.FutureTask FINISHED -> a
    java.util.concurrent.FutureTask DISPOSED -> b
    void setFuture(java.util.concurrent.Future) -> a
    boolean isDisposed() -> b
    void dispose() -> c
io.reactivex.internal.schedulers.ComputationScheduler -> c.a.e.g.b:
    java.util.concurrent.atomic.AtomicReference pool -> g
    io.reactivex.internal.schedulers.RxThreadFactory THREAD_FACTORY -> c
    java.util.concurrent.ThreadFactory threadFactory -> f
    int MAX_THREADS -> d
    io.reactivex.internal.schedulers.ComputationScheduler$PoolWorker SHUTDOWN_WORKER -> e
    io.reactivex.internal.schedulers.ComputationScheduler$FixedSchedulerPool NONE -> b
    int cap(int,int) -> a
    io.reactivex.Scheduler$Worker createWorker() -> a
    io.reactivex.disposables.Disposable scheduleDirect(java.lang.Runnable,long,java.util.concurrent.TimeUnit) -> a
    void start() -> b
io.reactivex.internal.schedulers.ComputationScheduler$EventLoopWorker -> c.a.e.g.b$a:
    io.reactivex.disposables.CompositeDisposable timed -> b
    io.reactivex.internal.disposables.ListCompositeDisposable both -> c
    io.reactivex.internal.disposables.ListCompositeDisposable serial -> a
    boolean disposed -> e
    io.reactivex.internal.schedulers.ComputationScheduler$PoolWorker poolWorker -> d
    io.reactivex.disposables.Disposable schedule(java.lang.Runnable) -> a
    io.reactivex.disposables.Disposable schedule(java.lang.Runnable,long,java.util.concurrent.TimeUnit) -> a
    boolean isDisposed() -> b
    void dispose() -> c